<?xml version="1.0" encoding="UTF-8"?>
<!-- Generated by org.testng.reporters.JUnitReportReporter -->
<testsuite hostname="prithvigowda" failures="0" tests="1" name="com.actitime.testscripts.TestScript" time="25.208" errors="0" timestamp="2023-01-06T12:18:32 IST" skipped="0">
  <testcase classname="com.actitime.testscripts.TestScript" name="testCreatCustomer" time="25.208"/>
  <system-out>
    <![CDATA[create customer]]>
  </system-out>
</testsuite> <!-- com.actitime.testscripts.TestScript -->
